This is pdfTeX, Version 3.14159265-2.6-1.40.19 (MiKTeX 2.9.6800 64-bit) (preloaded format=pdflatex 2018.10.3)  17 OCT 2018 14:24
entering extended mode
**./references.tex
(references.tex
LaTeX2e <2018-04-01> patch level 5
\bibdata{Chapters/References/references}
No file references.bbl.
)
! Emergency stop.
<*> ./references.tex
                    
*** (job aborted, no legal \end found)

 
Here is how much of TeX's memory you used:
 8 strings out of 492973
 316 string characters out of 3122703
 56048 words of memory out of 3000000
 3978 multiletter control sequences out of 15000+200000
 3640 words of font info for 14 fonts, out of 3000000 for 9000
 1141 hyphenation exceptions out of 8191
 5i,0n,3p,66b,8s stack positions out of 5000i,500n,10000p,200000b,50000s
!  ==> Fatal error occurred, no output PDF file produced!
